

Microchip Technology PIC18 LITE Macro Assembler V1.33 build 59893 
                                                                                               Tue Dec  2 22:50:57 2014

Microchip Technology Omniscient Code Generator (Lite mode) build 59893
     1                           	processor	18F25K50
     2                           	fnconf	rparam,??,?,0
     3                           	opt	pw 120
     4                           	opt	lm
     5                           	psect	intcodelo,global,reloc=2,class=CODE,delta=1
     6                           	psect	cinit,global,reloc=2,class=CODE,delta=1
     7                           	psect	cstackCOMRAM,global,class=COMRAM,space=1,delta=1
     8                           	psect	text0,global,reloc=2,class=CODE,delta=1
     9                           	psect	text1,global,reloc=2,class=CODE,delta=1
    10                           	psect	text2,global,reloc=2,class=CODE,delta=1
    11                           	psect	intcode,global,reloc=2,class=CODE,delta=1
    12                           	psect	intcode_body,global,reloc=2,class=CODE,delta=1
    13                           	psect	intsave_regs,global,class=BIGRAM,space=1,delta=1
    14                           	psect	rparam,global,class=COMRAM,space=1,delta=1
    15  0000                     
    16 ;; *************** function _low_isr *****************
    17 ;; Defined at:
    18 ;;		line 67 in file "interrupts.c"
    19 ;; Parameters:    Size  Location     Type
    20 ;;		None
    21 ;; Auto vars:     Size  Location     Type
    22 ;;		None
    23 ;; Return value:  Size  Location     Type
    24 ;;		None               void
    25 ;; Registers used:
    26 ;;		None
    27 ;; Tracked objects:
    28 ;;		On entry : 0/0
    29 ;;		On exit  : 0/0
    30 ;;		Unchanged: 0/0
    31 ;; Data sizes:     COMRAM   BANK0   BANK1   BANK2   BANK3   BANK4   BANK5   BANK6   BANK7
    32 ;;      Params:         0       0       0       0       0       0       0       0       0
    33 ;;      Locals:         0       0       0       0       0       0       0       0       0
    34 ;;      Temps:         17       0       0       0       0       0       0       0       0
    35 ;;      Totals:        17       0       0       0       0       0       0       0       0
    36 ;;Total ram usage:       17 bytes
    37 ;; Hardware stack levels used:    1
    38 ;; Hardware stack levels required when called:    1
    39 ;; This function calls:
    40 ;;		Nothing
    41 ;; This function is called by:
    42 ;;		Interrupt level 1
    43 ;; This function uses a non-reentrant model
    44 ;;
    45                           
    46                           	psect	intcodelo
    47  000018                     __pintcodelo:
    48                           	opt stack 0
    49  000018                     _low_isr:
    50                           	opt stack 28
    51                           
    52                           ;incstack = 0
    53  000018  CFD8 F001          	movff	status,??_low_isr
    54  00001C  CFE8 F002          	movff	wreg,??_low_isr+1
    55  000020  CFE0 F003          	movff	bsr,??_low_isr+2
    56  000024  CFFA F004          	movff	pclath,??_low_isr+3
    57  000028  CFFB F005          	movff	pclatu,??_low_isr+4
    58  00002C  CFE9 F006          	movff	fsr0l,??_low_isr+5
    59  000030  CFEA F007          	movff	fsr0h,??_low_isr+6
    60  000034  CFE1 F008          	movff	fsr1l,??_low_isr+7
    61  000038  CFE2 F009          	movff	fsr1h,??_low_isr+8
    62  00003C  CFD9 F00A          	movff	fsr2l,??_low_isr+9
    63  000040  CFDA F00B          	movff	fsr2h,??_low_isr+10
    64  000044  CFF3 F00C          	movff	prodl,??_low_isr+11
    65  000048  CFF4 F00D          	movff	prodh,??_low_isr+12
    66  00004C  CFF6 F00E          	movff	tblptrl,??_low_isr+13
    67  000050  CFF7 F00F          	movff	tblptrh,??_low_isr+14
    68  000054  CFF8 F010          	movff	tblptru,??_low_isr+15
    69  000058  CFF5 F011          	movff	tablat,??_low_isr+16
    70  00005C  C011  FFF5         	movff	??_low_isr+16,tablat
    71  000060  C010  FFF8         	movff	??_low_isr+15,tblptru
    72  000064  C00F  FFF7         	movff	??_low_isr+14,tblptrh
    73  000068  C00E  FFF6         	movff	??_low_isr+13,tblptrl
    74  00006C  C00D  FFF4         	movff	??_low_isr+12,prodh
    75  000070  C00C  FFF3         	movff	??_low_isr+11,prodl
    76  000074  C00B  FFDA         	movff	??_low_isr+10,fsr2h
    77  000078  C00A  FFD9         	movff	??_low_isr+9,fsr2l
    78  00007C  C009  FFE2         	movff	??_low_isr+8,fsr1h
    79  000080  C008  FFE1         	movff	??_low_isr+7,fsr1l
    80  000084  C007  FFEA         	movff	??_low_isr+6,fsr0h
    81  000088  C006  FFE9         	movff	??_low_isr+5,fsr0l
    82  00008C  C005  FFFB         	movff	??_low_isr+4,pclatu
    83  000090  C004  FFFA         	movff	??_low_isr+3,pclath
    84  000094  C003  FFE0         	movff	??_low_isr+2,bsr
    85  000098  C002  FFE8         	movff	??_low_isr+1,wreg
    86  00009C  C001  FFD8         	movff	??_low_isr,status
    87  0000A0  0010               	retfie	
    88  0000A2                     __end_of_low_isr:
    89                           	opt stack 0
    90                           pclatu	equ	0xFFB
    91                           pclath	equ	0xFFA
    92                           tblptru	equ	0xFF8
    93                           tblptrh	equ	0xFF7
    94                           tblptrl	equ	0xFF6
    95                           tablat	equ	0xFF5
    96                           prodh	equ	0xFF4
    97                           prodl	equ	0xFF3
    98                           fsr0h	equ	0xFEA
    99                           fsr0l	equ	0xFE9
   100                           wreg	equ	0xFE8
   101                           fsr1h	equ	0xFE2
   102                           fsr1l	equ	0xFE1
   103                           bsr	equ	0xFE0
   104                           fsr2h	equ	0xFDA
   105                           fsr2l	equ	0xFD9
   106                           status	equ	0xFD8
   107                           
   108                           ; #config settings
   109                           
   110                           	psect	cinit
   111  000116                     __pcinit:
   112                           	opt stack 0
   113  000116                     start_initialization:
   114                           	opt stack 0
   115  000116                     __initialization:
   116                           	opt stack 0
   117  000116                     end_of_initialization:
   118                           	opt stack 0
   119  000116                     __end_of__initialization:
   120                           	opt stack 0
   121  000116  0100               	movlb	0
   122  000118  EF86  F000         	goto	_main	;jump to C main() function
   123                           pclatu	equ	0xFFB
   124                           pclath	equ	0xFFA
   125                           tblptru	equ	0xFF8
   126                           tblptrh	equ	0xFF7
   127                           tblptrl	equ	0xFF6
   128                           tablat	equ	0xFF5
   129                           prodh	equ	0xFF4
   130                           prodl	equ	0xFF3
   131                           fsr0h	equ	0xFEA
   132                           fsr0l	equ	0xFE9
   133                           wreg	equ	0xFE8
   134                           fsr1h	equ	0xFE2
   135                           fsr1l	equ	0xFE1
   136                           bsr	equ	0xFE0
   137                           fsr2h	equ	0xFDA
   138                           fsr2l	equ	0xFD9
   139                           status	equ	0xFD8
   140                           
   141                           	psect	cstackCOMRAM
   142  000001                     __pcstackCOMRAM:
   143                           	opt stack 0
   144  000001                     ??_low_isr:
   145  000001                     
   146                           ; 0 bytes @ 0x0
   147  000001                     	ds	17
   148  000012                     ??_high_isr:
   149                           
   150                           ; 0 bytes @ 0x11
   151  000012                     	ds	14
   152  000020                     pclatu	equ	0xFFB
   153                           pclath	equ	0xFFA
   154                           tblptru	equ	0xFF8
   155                           tblptrh	equ	0xFF7
   156                           tblptrl	equ	0xFF6
   157                           tablat	equ	0xFF5
   158                           prodh	equ	0xFF4
   159                           prodl	equ	0xFF3
   160                           fsr0h	equ	0xFEA
   161                           fsr0l	equ	0xFE9
   162                           wreg	equ	0xFE8
   163                           fsr1h	equ	0xFE2
   164                           fsr1l	equ	0xFE1
   165                           bsr	equ	0xFE0
   166                           fsr2h	equ	0xFDA
   167                           fsr2l	equ	0xFD9
   168                           status	equ	0xFD8
   169                           
   170                           ; 0 bytes @ 0x1F
   171 ;;
   172 ;;Main: autosize = 0, tempsize = 0, incstack = 0, save=0
   173 ;;
   174 ;; *************** function _main *****************
   175 ;; Defined at:
   176 ;;		line 33 in file "main.c"
   177 ;; Parameters:    Size  Location     Type
   178 ;;		None
   179 ;; Auto vars:     Size  Location     Type
   180 ;;		None
   181 ;; Return value:  Size  Location     Type
   182 ;;		None               void
   183 ;; Registers used:
   184 ;;		cstack
   185 ;; Tracked objects:
   186 ;;		On entry : 0/0
   187 ;;		On exit  : 0/0
   188 ;;		Unchanged: 0/0
   189 ;; Data sizes:     COMRAM   BANK0   BANK1   BANK2   BANK3   BANK4   BANK5   BANK6   BANK7
   190 ;;      Params:         0       0       0       0       0       0       0       0       0
   191 ;;      Locals:         0       0       0       0       0       0       0       0       0
   192 ;;      Temps:          0       0       0       0       0       0       0       0       0
   193 ;;      Totals:         0       0       0       0       0       0       0       0       0
   194 ;;Total ram usage:        0 bytes
   195 ;; Hardware stack levels required when called:    3
   196 ;; This function calls:
   197 ;;		_ConfigureOscillator
   198 ;;		_InitApp
   199 ;; This function is called by:
   200 ;;		Startup code after reset
   201 ;; This function uses a non-reentrant model
   202 ;;
   203                           
   204                           	psect	text0
   205  00010C                     __ptext0:
   206                           	opt stack 0
   207  00010C                     _main:
   208                           	opt stack 28
   209                           
   210                           ;main.c: 36: ConfigureOscillator();
   211                           
   212                           ;incstack = 0
   213  00010C  EC8F  F000         	call	_ConfigureOscillator	;wreg free
   214                           
   215                           ;main.c: 39: InitApp();
   216  000110  EC8E  F000         	call	_InitApp	;wreg free
   217  000114                     l13:
   218                           
   219                           ;main.c: 44: {
   220  000114  D7FF               	goto	l13
   221  000116                     __end_of_main:
   222                           	opt stack 0
   223                           pclatu	equ	0xFFB
   224                           pclath	equ	0xFFA
   225                           tblptru	equ	0xFF8
   226                           tblptrh	equ	0xFF7
   227                           tblptrl	equ	0xFF6
   228                           tablat	equ	0xFF5
   229                           prodh	equ	0xFF4
   230                           prodl	equ	0xFF3
   231                           fsr0h	equ	0xFEA
   232                           fsr0l	equ	0xFE9
   233                           wreg	equ	0xFE8
   234                           fsr1h	equ	0xFE2
   235                           fsr1l	equ	0xFE1
   236                           bsr	equ	0xFE0
   237                           fsr2h	equ	0xFDA
   238                           fsr2l	equ	0xFD9
   239                           status	equ	0xFD8
   240                           
   241 ;; *************** function _InitApp *****************
   242 ;; Defined at:
   243 ;;		line 28 in file "user.c"
   244 ;; Parameters:    Size  Location     Type
   245 ;;		None
   246 ;; Auto vars:     Size  Location     Type
   247 ;;		None
   248 ;; Return value:  Size  Location     Type
   249 ;;		None               void
   250 ;; Registers used:
   251 ;;		None
   252 ;; Tracked objects:
   253 ;;		On entry : 0/0
   254 ;;		On exit  : 0/0
   255 ;;		Unchanged: 0/0
   256 ;; Data sizes:     COMRAM   BANK0   BANK1   BANK2   BANK3   BANK4   BANK5   BANK6   BANK7
   257 ;;      Params:         0       0       0       0       0       0       0       0       0
   258 ;;      Locals:         0       0       0       0       0       0       0       0       0
   259 ;;      Temps:          0       0       0       0       0       0       0       0       0
   260 ;;      Totals:         0       0       0       0       0       0       0       0       0
   261 ;;Total ram usage:        0 bytes
   262 ;; Hardware stack levels used:    1
   263 ;; Hardware stack levels required when called:    2
   264 ;; This function calls:
   265 ;;		Nothing
   266 ;; This function is called by:
   267 ;;		_main
   268 ;; This function uses a non-reentrant model
   269 ;;
   270                           
   271                           	psect	text1
   272  00011C                     __ptext1:
   273                           	opt stack 0
   274  00011C                     _InitApp:
   275                           	opt stack 28
   276                           
   277                           ;incstack = 0
   278  00011C  0012               	return	
   279  00011E                     __end_of_InitApp:
   280                           	opt stack 0
   281                           pclatu	equ	0xFFB
   282                           pclath	equ	0xFFA
   283                           tblptru	equ	0xFF8
   284                           tblptrh	equ	0xFF7
   285                           tblptrl	equ	0xFF6
   286                           tablat	equ	0xFF5
   287                           prodh	equ	0xFF4
   288                           prodl	equ	0xFF3
   289                           fsr0h	equ	0xFEA
   290                           fsr0l	equ	0xFE9
   291                           wreg	equ	0xFE8
   292                           fsr1h	equ	0xFE2
   293                           fsr1l	equ	0xFE1
   294                           bsr	equ	0xFE0
   295                           fsr2h	equ	0xFDA
   296                           fsr2l	equ	0xFD9
   297                           status	equ	0xFD8
   298                           
   299 ;; *************** function _ConfigureOscillator *****************
   300 ;; Defined at:
   301 ;;		line 24 in file "system.c"
   302 ;; Parameters:    Size  Location     Type
   303 ;;		None
   304 ;; Auto vars:     Size  Location     Type
   305 ;;		None
   306 ;; Return value:  Size  Location     Type
   307 ;;		None               void
   308 ;; Registers used:
   309 ;;		None
   310 ;; Tracked objects:
   311 ;;		On entry : 0/0
   312 ;;		On exit  : 0/0
   313 ;;		Unchanged: 0/0
   314 ;; Data sizes:     COMRAM   BANK0   BANK1   BANK2   BANK3   BANK4   BANK5   BANK6   BANK7
   315 ;;      Params:         0       0       0       0       0       0       0       0       0
   316 ;;      Locals:         0       0       0       0       0       0       0       0       0
   317 ;;      Temps:          0       0       0       0       0       0       0       0       0
   318 ;;      Totals:         0       0       0       0       0       0       0       0       0
   319 ;;Total ram usage:        0 bytes
   320 ;; Hardware stack levels used:    1
   321 ;; Hardware stack levels required when called:    2
   322 ;; This function calls:
   323 ;;		Nothing
   324 ;; This function is called by:
   325 ;;		_main
   326 ;; This function uses a non-reentrant model
   327 ;;
   328                           
   329                           	psect	text2
   330  00011E                     __ptext2:
   331                           	opt stack 0
   332  00011E                     _ConfigureOscillator:
   333                           	opt stack 28
   334                           
   335                           ;incstack = 0
   336  00011E  0012               	return	
   337  000120                     __end_of_ConfigureOscillator:
   338                           	opt stack 0
   339                           pclatu	equ	0xFFB
   340                           pclath	equ	0xFFA
   341                           tblptru	equ	0xFF8
   342                           tblptrh	equ	0xFF7
   343                           tblptrl	equ	0xFF6
   344                           tablat	equ	0xFF5
   345                           prodh	equ	0xFF4
   346                           prodl	equ	0xFF3
   347                           fsr0h	equ	0xFEA
   348                           fsr0l	equ	0xFE9
   349                           wreg	equ	0xFE8
   350                           fsr1h	equ	0xFE2
   351                           fsr1l	equ	0xFE1
   352                           bsr	equ	0xFE0
   353                           fsr2h	equ	0xFDA
   354                           fsr2l	equ	0xFD9
   355                           status	equ	0xFD8
   356                           
   357 ;; *************** function _high_isr *****************
   358 ;; Defined at:
   359 ;;		line 27 in file "interrupts.c"
   360 ;; Parameters:    Size  Location     Type
   361 ;;		None
   362 ;; Auto vars:     Size  Location     Type
   363 ;;		None
   364 ;; Return value:  Size  Location     Type
   365 ;;		None               void
   366 ;; Registers used:
   367 ;;		None
   368 ;; Tracked objects:
   369 ;;		On entry : 0/0
   370 ;;		On exit  : 0/0
   371 ;;		Unchanged: 0/0
   372 ;; Data sizes:     COMRAM   BANK0   BANK1   BANK2   BANK3   BANK4   BANK5   BANK6   BANK7
   373 ;;      Params:         0       0       0       0       0       0       0       0       0
   374 ;;      Locals:         0       0       0       0       0       0       0       0       0
   375 ;;      Temps:         14       0       0       0       0       0       0       0       0
   376 ;;      Totals:        14       0       0       0       0       0       0       0       0
   377 ;;Total ram usage:       14 bytes
   378 ;; Hardware stack levels used:    1
   379 ;; This function calls:
   380 ;;		Nothing
   381 ;; This function is called by:
   382 ;;		Interrupt level 2
   383 ;; This function uses a non-reentrant model
   384 ;;
   385                           
   386                           	psect	intcode
   387  000008                     __pintcode:
   388                           	opt stack 0
   389  000008                     _high_isr:
   390                           	opt stack 28
   391                           
   392                           ;incstack = 0
   393  000008  CFFA F012          	movff	pclath,??_high_isr
   394  00000C  CFFB F013          	movff	pclatu,??_high_isr+1
   395  000010  CFE9 F014          	movff	fsr0l,??_high_isr+2
   396  000014  EF53  F000         	goto	int_func
   397                           pclatu	equ	0xFFB
   398                           pclath	equ	0xFFA
   399                           tblptru	equ	0xFF8
   400                           tblptrh	equ	0xFF7
   401                           tblptrl	equ	0xFF6
   402                           tablat	equ	0xFF5
   403                           prodh	equ	0xFF4
   404                           prodl	equ	0xFF3
   405                           fsr0h	equ	0xFEA
   406                           fsr0l	equ	0xFE9
   407                           wreg	equ	0xFE8
   408                           fsr1h	equ	0xFE2
   409                           fsr1l	equ	0xFE1
   410                           bsr	equ	0xFE0
   411                           fsr2h	equ	0xFDA
   412                           fsr2l	equ	0xFD9
   413                           status	equ	0xFD8
   414                           
   415                           	psect	intcode_body
   416  0000A6                     __pintcode_body:
   417                           	opt stack 28
   418  0000A6                     int_func:
   419                           	opt stack 28
   420  0000A6  CFEA F015          	movff	fsr0h,??_high_isr+3
   421  0000AA  CFE1 F016          	movff	fsr1l,??_high_isr+4
   422  0000AE  CFE2 F017          	movff	fsr1h,??_high_isr+5
   423  0000B2  CFD9 F018          	movff	fsr2l,??_high_isr+6
   424  0000B6  CFDA F019          	movff	fsr2h,??_high_isr+7
   425  0000BA  CFF3 F01A          	movff	prodl,??_high_isr+8
   426  0000BE  CFF4 F01B          	movff	prodh,??_high_isr+9
   427  0000C2  CFF6 F01C          	movff	tblptrl,??_high_isr+10
   428  0000C6  CFF7 F01D          	movff	tblptrh,??_high_isr+11
   429  0000CA  CFF8 F01E          	movff	tblptru,??_high_isr+12
   430  0000CE  CFF5 F01F          	movff	tablat,??_high_isr+13
   431  0000D2  C01F  FFF5         	movff	??_high_isr+13,tablat
   432  0000D6  C01E  FFF8         	movff	??_high_isr+12,tblptru
   433  0000DA  C01D  FFF7         	movff	??_high_isr+11,tblptrh
   434  0000DE  C01C  FFF6         	movff	??_high_isr+10,tblptrl
   435  0000E2  C01B  FFF4         	movff	??_high_isr+9,prodh
   436  0000E6  C01A  FFF3         	movff	??_high_isr+8,prodl
   437  0000EA  C019  FFDA         	movff	??_high_isr+7,fsr2h
   438  0000EE  C018  FFD9         	movff	??_high_isr+6,fsr2l
   439  0000F2  C017  FFE2         	movff	??_high_isr+5,fsr1h
   440  0000F6  C016  FFE1         	movff	??_high_isr+4,fsr1l
   441  0000FA  C015  FFEA         	movff	??_high_isr+3,fsr0h
   442  0000FE  C014  FFE9         	movff	??_high_isr+2,fsr0l
   443  000102  C013  FFFB         	movff	??_high_isr+1,pclatu
   444  000106  C012  FFFA         	movff	??_high_isr,pclath
   445  00010A  0011               	retfie		f
   446  00010C                     __end_of_high_isr:
   447                           	opt stack 0
   448  0000                     pclatu	equ	0xFFB
   449                           pclath	equ	0xFFA
   450                           tblptru	equ	0xFF8
   451                           tblptrh	equ	0xFF7
   452                           tblptrl	equ	0xFF6
   453                           tablat	equ	0xFF5
   454                           prodh	equ	0xFF4
   455                           prodl	equ	0xFF3
   456                           fsr0h	equ	0xFEA
   457                           fsr0l	equ	0xFE9
   458                           wreg	equ	0xFE8
   459                           fsr1h	equ	0xFE2
   460                           fsr1l	equ	0xFE1
   461                           bsr	equ	0xFE0
   462                           fsr2h	equ	0xFDA
   463                           fsr2l	equ	0xFD9
   464                           status	equ	0xFD8
   465                           pclatu	equ	0xFFB
   466                           pclath	equ	0xFFA
   467                           tblptru	equ	0xFF8
   468                           tblptrh	equ	0xFF7
   469                           tblptrl	equ	0xFF6
   470                           tablat	equ	0xFF5
   471                           prodh	equ	0xFF4
   472                           prodl	equ	0xFF3
   473                           fsr0h	equ	0xFEA
   474                           fsr0l	equ	0xFE9
   475                           wreg	equ	0xFE8
   476                           fsr1h	equ	0xFE2
   477                           fsr1l	equ	0xFE1
   478                           bsr	equ	0xFE0
   479                           fsr2h	equ	0xFDA
   480                           fsr2l	equ	0xFD9
   481                           status	equ	0xFD8
   482                           
   483                           	psect	rparam
   484  0000                     pclatu	equ	0xFFB
   485                           pclath	equ	0xFFA
   486                           tblptru	equ	0xFF8
   487                           tblptrh	equ	0xFF7
   488                           tblptrl	equ	0xFF6
   489                           tablat	equ	0xFF5
   490                           prodh	equ	0xFF4
   491                           prodl	equ	0xFF3
   492                           fsr0h	equ	0xFEA
   493                           fsr0l	equ	0xFE9
   494                           wreg	equ	0xFE8
   495                           fsr1h	equ	0xFE2
   496                           fsr1l	equ	0xFE1
   497                           bsr	equ	0xFE0
   498                           fsr2h	equ	0xFDA
   499                           fsr2l	equ	0xFD9
   500                           status	equ	0xFD8


Data Sizes:
    Strings     0
    Constant    0
    Data        0
    BSS         0
    Persistent  0
    Stack       0

Auto Spaces:
    Space          Size  Autos    Used
    COMRAM           95     31      31
    BANK0           160      0       0
    BANK1           256      0       0
    BANK2           256      0       0
    BANK3           256      0       0
    BANK4           256      0       0
    BANK5           256      0       0
    BANK6           256      0       0
    BANK7           256      0       0

Pointer List with Targets:

    None.

Critical Paths under _main in COMRAM

    None.

Critical Paths under _high_isr in COMRAM

    None.

Critical Paths under _low_isr in COMRAM

    None.

Critical Paths under _main in BANK0

    None.

Critical Paths under _high_isr in BANK0

    None.

Critical Paths under _low_isr in BANK0

    None.

Critical Paths under _main in BANK1

    None.

Critical Paths under _high_isr in BANK1

    None.

Critical Paths under _low_isr in BANK1

    None.

Critical Paths under _main in BANK2

    None.

Critical Paths under _high_isr in BANK2

    None.

Critical Paths under _low_isr in BANK2

    None.

Critical Paths under _main in BANK3

    None.

Critical Paths under _high_isr in BANK3

    None.

Critical Paths under _low_isr in BANK3

    None.

Critical Paths under _main in BANK4

    None.

Critical Paths under _high_isr in BANK4

    None.

Critical Paths under _low_isr in BANK4

    None.

Critical Paths under _main in BANK5

    None.

Critical Paths under _high_isr in BANK5

    None.

Critical Paths under _low_isr in BANK5

    None.

Critical Paths under _main in BANK6

    None.

Critical Paths under _high_isr in BANK6

    None.

Critical Paths under _low_isr in BANK6

    None.

Critical Paths under _main in BANK7

    None.

Critical Paths under _high_isr in BANK7

    None.

Critical Paths under _low_isr in BANK7

    None.

Call Graph Tables:

 ---------------------------------------------------------------------------------
 (Depth) Function   	        Calls       Base Space   Used Autos Params    Refs
 ---------------------------------------------------------------------------------
 (0) _main                                                 0     0      0       0
                _ConfigureOscillator
                            _InitApp
 ---------------------------------------------------------------------------------
 (1) _InitApp                                              0     0      0       0
 ---------------------------------------------------------------------------------
 (1) _ConfigureOscillator                                  0     0      0       0
 ---------------------------------------------------------------------------------
 Estimated maximum stack depth 1
 ---------------------------------------------------------------------------------
 (Depth) Function   	        Calls       Base Space   Used Autos Params    Refs
 ---------------------------------------------------------------------------------
 (2) _low_isr                                             17    17      0       0
                                              0 COMRAM    17    17      0
 ---------------------------------------------------------------------------------
 Estimated maximum stack depth 2
 ---------------------------------------------------------------------------------
 (Depth) Function   	        Calls       Base Space   Used Autos Params    Refs
 ---------------------------------------------------------------------------------
 (3) _high_isr                                            14    14      0       0
                                             17 COMRAM    14    14      0
 ---------------------------------------------------------------------------------
 Estimated maximum stack depth 3
 ---------------------------------------------------------------------------------

 Call Graph Graphs:

 _main (ROOT)
   _ConfigureOscillator
   _InitApp

 _low_isr (ROOT)

 _high_isr (ROOT)

 Address spaces:
Name               Size   Autos  Total    Cost      Usage
BITCOMRAM           5F      0       0       0        0.0%
EEDATA             100      0       0       0        0.0%
NULL                 0      0       0       0        0.0%
CODE                 0      0       0       0        0.0%
COMRAM              5F     1F      1F       1       32.6%
STACK                0      0       0       2        0.0%
DATA                 0      0       0       3        0.0%
BITBANK0            A0      0       0       4        0.0%
BANK0               A0      0       0       5        0.0%
ABS                  0      0       0       6        0.0%
BITBANK1           100      0       0       7        0.0%
BANK1              100      0       0       8        0.0%
BITBANK2           100      0       0       9        0.0%
BANK2              100      0       0      10        0.0%
BITBANK3           100      0       0      11        0.0%
BANK3              100      0       0      12        0.0%
BITBANK4           100      0       0      13        0.0%
BANK4              100      0       0      14        0.0%
BITBANK5           100      0       0      15        0.0%
BANK5              100      0       0      16        0.0%
BITBANK6           100      0       0      17        0.0%
BANK6              100      0       0      18        0.0%
BITBANK7           100      0       0      19        0.0%
BANK7              100      0       0      20        0.0%
BIGRAM             7FF      0       0      21        0.0%
BITSFR_1             0      0       0      40        0.0%
SFR_1                0      0       0      40        0.0%
BITSFR               0      0       0      40        0.0%
SFR                  0      0       0      40        0.0%


Microchip Technology PIC18 Macro Assembler V1.33 build 59893 
Symbol Table                                                                                   Tue Dec  2 22:50:57 2014

                          l13 0114                            bsr 000FE0                           wreg 000FE8  
                        _main 010C                          fsr0h 000FEA                          fsr1h 000FE2  
                        fsr0l 000FE9                          fsr2h 000FDA                          fsr1l 000FE1  
                        fsr2l 000FD9                          pclat 000FFA                          prodh 000FF4  
                        prodl 000FF3                          start 00A2               __end_of_InitApp 011E  
                       ?_main 0001           _ConfigureOscillator 011E               __end_of_low_isr 00A2  
                       tablat 000FF5                         status 000FD8          ?_ConfigureOscillator 0001  
             __initialization 0116                  __end_of_main 0116                        ??_main 0020  
               __activetblptr 000000                     ??_InitApp 0020         ??_ConfigureOscillator 0020  
            __end_of_high_isr 010C                     ??_low_isr 0001                        tblptrh 000FF7  
                      tblptrl 000FF6                        tblptru 000FF8                    __accesstop 0060  
     __end_of__initialization 0116                __pcstackCOMRAM 0001                     ?_high_isr 0001  
                     _InitApp 011C                       __Hparam 0000                       __Lparam 0000  
                     __pcinit 0116                       __ramtop 0800                       __ptext0 010C  
                     __ptext1 011C                       __ptext2 011E                       _low_isr 0018  
                  ??_high_isr 0012                __pintcode_body 00A6          end_of_initialization 0116  
                     int_func 00A6   __end_of_ConfigureOscillator 0120           start_initialization 0116  
           __size_of_high_isr 0104                      ?_InitApp 0001                     __pintcode 0008  
                 __pintcodelo 0018                      ?_low_isr 0001              __size_of_InitApp 0002  
                    __Hrparam 0000                      __Lrparam 0000              __size_of_low_isr 008A  
                    _high_isr 0008                 __size_of_main 000A  __size_of_ConfigureOscillator 0002  
                    intlevel1 0000                      intlevel2 0000  
