

Microchip Technology PIC18 LITE Macro Assembler V1.33 build 59893 
                                                                                               Mon Aug 31 15:24:22 2015

Microchip Technology Omniscient Code Generator (Lite mode) build 59893
     1                           	processor	18F25K50
     2                           	fnconf	rparam,??,?,0
     3                           	opt	pw 120
     4                           	opt	lm
     5                           	psect	text0,global,reloc=2,class=CODE,delta=1
     6                           	psect	cinit,global,reloc=2,class=CODE,delta=1
     7                           	psect	cstackCOMRAM,global,class=COMRAM,space=1,delta=1
     8                           	psect	intsave_regs,global,class=BIGRAM,space=1,delta=1
     9                           	psect	rparam,global,class=COMRAM,space=1,delta=1
    10  0000                     _T0CON	set	4053
    11  0000                     _TMR0H	set	4055
    12  0000                     _TMR0L	set	4054
    13  0000                     _LATB3	set	31827
    14  0000                     _LATB5	set	31829
    15  0000                     _LATB6	set	31830
    16  0000                     _LATB7	set	31831
    17  0000                     _LATC6	set	31838
    18  0000                     _TRISB3	set	31899
    19  0000                     _TRISB5	set	31901
    20                           
    21 ;;
    22 ;;Main: autosize = 0, tempsize = 1, incstack = 0, save=0
    23 ;;
    24 ;; *************** function _main *****************
    25 ;; Defined at:
    26 ;;		line 11 in file "main.c"
    27 ;; Parameters:    Size  Location     Type
    28 ;;		None
    29 ;; Auto vars:     Size  Location     Type
    30 ;;		None
    31 ;; Return value:  Size  Location     Type
    32 ;;		None               void
    33 ;; Registers used:
    34 ;;		wreg, status,2, status,0
    35 ;; Tracked objects:
    36 ;;		On entry : 0/0
    37 ;;		On exit  : 0/0
    38 ;;		Unchanged: 0/0
    39 ;; Data sizes:     COMRAM   BANK0   BANK1   BANK2   BANK3   BANK4   BANK5   BANK6   BANK7
    40 ;;      Params:         0       0       0       0       0       0       0       0       0
    41 ;;      Locals:         0       0       0       0       0       0       0       0       0
    42 ;;      Temps:          1       0       0       0       0       0       0       0       0
    43 ;;      Totals:         1       0       0       0       0       0       0       0       0
    44 ;;Total ram usage:        1 bytes
    45 ;; This function calls:
    46 ;;		Nothing
    47 ;; This function is called by:
    48 ;;		Startup code after reset
    49 ;; This function uses a non-reentrant model
    50 ;;
    51                           
    52                           	psect	text0
    53  007FC6                     __ptext0:
    54                           	opt stack 0
    55  007FC6                     _main:
    56                           	opt stack 31
    57                           
    58                           ;main.c: 14: LATB3 = 1;
    59                           
    60                           ;incstack = 0
    61  007FC6  868A               	bsf	3978,3,c	;volatile
    62                           
    63                           ;main.c: 15: LATB5 = 1;
    64  007FC8  8A8A               	bsf	3978,5,c	;volatile
    65                           
    66                           ;main.c: 16: LATB6 = 1;
    67  007FCA  8C8A               	bsf	3978,6,c	;volatile
    68                           
    69                           ;main.c: 17: LATC6 = 0;
    70  007FCC  9C8B               	bcf	3979,6,c	;volatile
    71                           
    72                           ;main.c: 18: LATB7 = 1;
    73  007FCE  8E8A               	bsf	3978,7,c	;volatile
    74                           
    75                           ;main.c: 23: T0CON = 135;
    76  007FD0  0E87               	movlw	135
    77  007FD2  6ED5               	movwf	4053,c	;volatile
    78  007FD4                     l606:
    79                           
    80                           ;main.c: 25: {
    81                           ;main.c: 26: TMR0L;
    82  007FD4  50D6               	movf	4054,w,c	;volatile
    83                           
    84                           ;main.c: 36: { TRISB3 = !(TMR0H >> 7 & 1); };
    85  007FD6  6A01               	clrf	??_main& (0+255),c
    86  007FD8  AED7               	btfss	4055,7,c	;volatile
    87  007FDA  D001               	bra	u15
    88  007FDC  2A01               	incf	??_main& (0+255),f,c
    89  007FDE                     u15:
    90  007FDE  B001               	btfsc	??_main,0,c
    91  007FE0  D002               	goto	u20
    92  007FE2  8693               	bsf	3987,3,c	;volatile
    93  007FE4  D001               	goto	u35
    94  007FE6                     u20:
    95  007FE6  9693               	bcf	3987,3,c	;volatile
    96  007FE8                     u35:
    97                           
    98                           ;main.c: 37: { TRISB5 = (TMR0H >> 7 & 1); };
    99  007FE8  6A01               	clrf	??_main& (0+255),c
   100  007FEA  AED7               	btfss	4055,7,c	;volatile
   101  007FEC  D001               	bra	u45
   102  007FEE  2A01               	incf	??_main& (0+255),f,c
   103  007FF0                     u45:
   104  007FF0  3001               	rrcf	??_main,w,c
   105  007FF2  A0D8               	btfss	status,0,c
   106  007FF4  D001               	bra	u55
   107  007FF6  8A93               	bsf	3987,5,c	;volatile
   108  007FF8                     u55:
   109  007FF8  B0D8               	btfsc	status,0,c
   110  007FFA  D001               	bra	u56
   111  007FFC  9A93               	bcf	3987,5,c	;volatile
   112  007FFE                     u56:
   113  007FFE  D7EA               	goto	l606
   114  008000                     __end_of_main:
   115                           	opt stack 0
   116  0000                     status	equ	0xFD8
   117                           
   118                           	psect	cinit
   119  007FC0                     __pcinit:
   120                           	opt stack 0
   121  007FC0                     start_initialization:
   122                           	opt stack 0
   123  007FC0                     __initialization:
   124                           	opt stack 0
   125  007FC0                     end_of_initialization:
   126                           	opt stack 0
   127  007FC0                     __end_of__initialization:
   128                           	opt stack 0
   129  007FC0  0100               	movlb	0
   130  007FC2  EFE3  F03F         	goto	_main	;jump to C main() function
   131                           status	equ	0xFD8
   132                           
   133                           	psect	cstackCOMRAM
   134  000001                     __pcstackCOMRAM:
   135                           	opt stack 0
   136  000001                     ??_main:
   137                           
   138                           ; 0 bytes @ 0x0
   139  000001                     	ds	1
   140                           status	equ	0xFD8
   141                           status	equ	0xFD8
   142                           
   143                           	psect	rparam
   144  0000                     status	equ	0xFD8


Data Sizes:
    Strings     0
    Constant    0
    Data        0
    BSS         0
    Persistent  0
    Stack       0

Auto Spaces:
    Space          Size  Autos    Used
    COMRAM           95      1       1
    BANK0           160      0       0
    BANK1           256      0       0
    BANK2           256      0       0
    BANK3           256      0       0
    BANK4           256      0       0
    BANK5           256      0       0
    BANK6           256      0       0
    BANK7           256      0       0

Pointer List with Targets:

    None.

Critical Paths under _main in COMRAM

    None.

Critical Paths under _main in BANK0

    None.

Critical Paths under _main in BANK1

    None.

Critical Paths under _main in BANK2

    None.

Critical Paths under _main in BANK3

    None.

Critical Paths under _main in BANK4

    None.

Critical Paths under _main in BANK5

    None.

Critical Paths under _main in BANK6

    None.

Critical Paths under _main in BANK7

    None.

Call Graph Tables:

 ---------------------------------------------------------------------------------
 (Depth) Function   	        Calls       Base Space   Used Autos Params    Refs
 ---------------------------------------------------------------------------------
 (0) _main                                                 1     1      0       0
                                              0 COMRAM     1     1      0
 ---------------------------------------------------------------------------------
 Estimated maximum stack depth 0
 ---------------------------------------------------------------------------------

 Call Graph Graphs:

 _main (ROOT)

 Address spaces:
Name               Size   Autos  Total    Cost      Usage
BITCOMRAM           5F      0       0       0        0.0%
EEDATA             100      0       0       0        0.0%
NULL                 0      0       0       0        0.0%
CODE                 0      0       0       0        0.0%
COMRAM              5F      1       1       1        1.1%
STACK                0      0       0       2        0.0%
DATA                 0      0       0       3        0.0%
BITBANK0            A0      0       0       4        0.0%
BANK0               A0      0       0       5        0.0%
ABS                  0      0       0       6        0.0%
BITBANK1           100      0       0       7        0.0%
BANK1              100      0       0       8        0.0%
BITBANK2           100      0       0       9        0.0%
BANK2              100      0       0      10        0.0%
BITBANK3           100      0       0      11        0.0%
BANK3              100      0       0      12        0.0%
BITBANK4           100      0       0      13        0.0%
BANK4              100      0       0      14        0.0%
BITBANK5           100      0       0      15        0.0%
BANK5              100      0       0      16        0.0%
BITBANK6           100      0       0      17        0.0%
BANK6              100      0       0      18        0.0%
BITBANK7           100      0       0      19        0.0%
BANK7              100      0       0      20        0.0%
BIGRAM             7FF      0       0      21        0.0%
BITSFR_1             0      0       0      40        0.0%
SFR_1                0      0       0      40        0.0%
BITSFR               0      0       0      40        0.0%
SFR                  0      0       0      40        0.0%


Microchip Technology PIC18 Macro Assembler V1.33 build 59893 
Symbol Table                                                                                   Mon Aug 31 15:24:22 2015

                     u20 7FE6                       u15 7FDE                       u35 7FE8  
                     u45 7FF0                       u55 7FF8                       u56 7FFE  
                    l606 7FD4                     _main 7FC6                     start 2000  
                  ?_main 0001                    _T0CON 000FD5                    _LATB3 007C53  
                  _LATB5 007C55                    _LATB6 007C56                    _LATB7 007C57  
                  _LATC6 007C5E                    _TMR0H 000FD7                    _TMR0L 000FD6  
                  status 000FD8          __initialization 7FC0             __end_of_main 8000  
                 ??_main 0001            __activetblptr 000000                   _TRISB3 007C9B  
                 _TRISB5 007C9D               __accesstop 0060  __end_of__initialization 7FC0  
         __pcstackCOMRAM 0001                  __Hparam 0000                  __Lparam 0000  
                __pcinit 7FC0                  __ramtop 0800                  __ptext0 7FC6  
   end_of_initialization 7FC0      start_initialization 7FC0                 __Hrparam 0000  
               __Lrparam 0000            __size_of_main 003A  
